PID 13195 received SIGSEGV for address: 0x0
0   segfault-handler.node               0x000000010979d184 _ZL16segfault_handleriP9__siginfoPv + 296
1   libsystem_platform.dylib            0x00000001877a1a24 _sigtramp + 56
2   node                                0x0000000104362fcc _ZN4node6loaderL23ImportModuleDynamicallyEN2v85LocalINS1_7ContextEEENS2_INS1_4DataEEENS2_INS1_5ValueEEENS2_INS1_6StringEEENS2_INS1_10FixedArrayEEE + 232
3   node                                0x0000000104639db8 _ZN2v88internal7Isolate38RunHostImportModuleDynamicallyCallbackENS0_6HandleINS0_6ScriptEEENS2_INS0_6ObjectEEENS0_11MaybeHandleIS5_EE + 852
4   node                                0x0000000104a1c128 _ZN2v88internal25Runtime_DynamicImportCallEiPmPNS0_7IsolateE + 276
5   node                                0x0000000104d6504c Builtins_CEntry_Return1_DontSaveFPRegs_ArgvOnStack_NoBuiltinExit + 108
6   ???                                 0x0000000109ef3ae4 0x0 + 4461640420
7   node                                0x0000000104d21ef4 Builtins_AsyncFunctionAwaitResolveClosure + 84
8   node                                0x0000000104db0738 Builtins_PromiseFulfillReactionJob + 56
9   node                                0x0000000104d13c4c Builtins_RunMicrotasks + 588
10  node                                0x0000000104cee3a4 Builtins_JSRunMicrotasksEntry + 164
11  node                                0x000000010461fd38 _ZN2v88internal12_GLOBAL__N_16InvokeEPNS0_7IsolateERKNS1_12InvokeParamsE + 2680
12  node                                0x0000000104620228 _ZN2v88internal12_GLOBAL__N_118InvokeWithTryCatchEPNS0_7IsolateERKNS1_12InvokeParamsE + 88
13  node                                0x0000000104620404 _ZN2v88internal9Execution16TryRunMicrotasksEPNS0_7IsolateEPNS0_14MicrotaskQueueEPNS0_11MaybeHandleINS0_6ObjectEEE + 64
14  node                                0x0000000104646b6c _ZN2v88internal14MicrotaskQueue13RunMicrotasksEPNS0_7IsolateE + 336
15  node                                0x0000000104647308 _ZN2v88internal14MicrotaskQueue17PerformCheckpointEPNS_7IsolateE + 124
16  node                                0x00000001042e0c4c _ZN4node21InternalCallbackScope5CloseEv + 240
17  node                                0x00000001042e07c4 _ZN4node21InternalCallbackScopeD1Ev + 20
18  node                                0x000000010439f464 _ZN4node2fs10FileHandle8CloseReq7ResolveEv + 156
19  node                                0x00000001043b5ef8 _ZZN4node2fs10FileHandle12ClosePromiseEvEN3$_08__invokeEP7uv_fs_s + 564
20  node                                0x0000000104397bb0 _ZN4node24MakeLibuvRequestCallbackI7uv_fs_sPFvPS1_EE7WrapperES2_ + 116
21  node                                0x0000000104ccc2e8 uv__work_done + 192
22  node                                0x0000000104ccfaa4 uv__async_io + 320
23  node                                0x0000000104ce2058 uv__io_poll + 1044
24  node                                0x0000000104ccff74 uv_run + 404
25  node                                0x00000001042e16e0 _ZN4node13SpinEventLoopEPNS_11EnvironmentE + 248
26  node                                0x00000001043d8850 _ZN4node16NodeMainInstance3RunEv + 196
27  node                                0x00000001043686a4 _ZN4node22LoadSnapshotDataAndRunEPPKNS_12SnapshotDataEPKNS_20InitializationResultE + 460
28  node                                0x000000010436895c _ZN4node5StartEiPPc + 612
29  dyld                                0x00000001873f10e0 start + 2360
